This is pdfTeXk, Version 3.141592-1.40.3 (Web2C 7.5.6) (format=pdflatex 2008.6.13)  11 MAY 2009 14:25
entering extended mode
\write18 enabled.
 %&-line parsing enabled.
**kernel.tex
(./kernel.tex
LaTeX2e <2005/12/01>
Babel <v3.8h> and hyphenation patterns for english, usenglishmax, dumylang, noh
yphenation, arabic, basque, bulgarian, coptic, welsh, czech, slovak, german, ng
erman, danish, esperanto, spanish, catalan, galician, estonian, farsi, finnish,
 french, greek, monogreek, ancientgreek, croatian, hungarian, interlingua, ibyc
us, indonesian, icelandic, italian, latin, mongolian, dutch, norsk, polish, por
tuguese, pinyin, romanian, russian, slovenian, uppersorbian, serbian, swedish, 
turkish, ukenglish, ukrainian, loaded.
(/usr/local/texlive/2007/texmf-dist/tex/latex/base/article.cls
Document Class: article 2005/09/16 v1.4f Standard LaTeX document class
(/usr/local/texlive/2007/texmf-dist/tex/latex/base/size12.clo
File: size12.clo 2005/09/16 v1.4f Standard LaTeX file (size option)
)
\c@part=\count79
\c@section=\count80
\c@subsection=\count81
\c@subsubsection=\count82
\c@paragraph=\count83
\c@subparagraph=\count84
\c@figure=\count85
\c@table=\count86
\abovecaptionskip=\skip41
\belowcaptionskip=\skip42
\bibindent=\dimen102
) (./zed-cm.sty
Package: zed-cm 97/02/18 1 zed-cm package
\c@mv@zed=\count87
LaTeX Font Info:    Overwriting math alphabet `\mathrm' in version `zed'
(Font)                  OT1/cmr/m/n --> OT1/cmr/m/n on input line 49.
LaTeX Font Info:    Overwriting math alphabet `\mathbf' in version `zed'
(Font)                  OT1/cmr/bx/n --> OT1/cmr/bx/n on input line 50.
LaTeX Font Info:    Overwriting math alphabet `\mathsf' in version `zed'
(Font)                  OT1/cmss/m/n --> OT1/cmss/m/n on input line 51.
LaTeX Font Info:    Overwriting math alphabet `\mathtt' in version `zed'
(Font)                  OT1/cmtt/m/n --> OT1/cmtt/m/n on input line 52.
\symitalics=\mathgroup4
LaTeX Font Info:    Redeclaring math alphabet \mathrm on input line 54.
LaTeX Font Info:    Redeclaring math alphabet \mathit on input line 55.
\symlasy=\mathgroup5
\symAMSa=\mathgroup6
\symAMSb=\mathgroup7
LaTeX Font Info:    Redeclaring math symbol \sqsubset on input line 151.
LaTeX Font Info:    Redeclaring math symbol \sqsupset on input line 152.
LaTeX Font Info:    Redeclaring math symbol \mho on input line 275.
LaTeX Font Info:    Redeclaring math symbol \hbar on input line 298.
\zedindent=\dimen103
\zedleftsep=\dimen104
\zedtab=\dimen105
\zedbar=\dimen106
\zedskip=\skip43
\interzedlinepenalty=\count88
\preboxpenalty=\count89
)
(/usr/local/texlive/2007/texmf-dist/tex/latex/graphics/graphicx.sty
Package: graphicx 1999/02/16 v1.0f Enhanced LaTeX Graphics (DPC,SPQR)

(/usr/local/texlive/2007/texmf-dist/tex/latex/graphics/keyval.sty
Package: keyval 1999/03/16 v1.13 key=value parser (DPC)
\KV@toks@=\toks14
)
(/usr/local/texlive/2007/texmf-dist/tex/latex/graphics/graphics.sty
Package: graphics 2006/02/20 v1.0o Standard LaTeX Graphics (DPC,SPQR)

(/usr/local/texlive/2007/texmf-dist/tex/latex/graphics/trig.sty
Package: trig 1999/03/16 v1.09 sin cos tan (DPC)
)
(/usr/local/texlive/2007/texmf/tex/latex/config/graphics.cfg
File: graphics.cfg 2007/01/18 v1.5 graphics configuration of teTeX/TeXLive
)
Package graphics Info: Driver file: pdftex.def on input line 90.

(/usr/local/texlive/2007/texmf-dist/tex/latex/pdftex-def/pdftex.def
File: pdftex.def 2007/01/08 v0.04d Graphics/color for pdfTeX
\Gread@gobject=\count90
))
\Gin@req@height=\dimen107
\Gin@req@width=\dimen108
)
(./kernel.aux)
\openout1 = `kernel.aux'.

LaTeX Font Info:    Checking defaults for OML/cmm/m/it on input line 6.
LaTeX Font Info:    ... okay on input line 6.
LaTeX Font Info:    Checking defaults for T1/cmr/m/n on input line 6.
LaTeX Font Info:    ... okay on input line 6.
LaTeX Font Info:    Checking defaults for OT1/cmr/m/n on input line 6.
LaTeX Font Info:    ... okay on input line 6.
LaTeX Font Info:    Checking defaults for OMS/cmsy/m/n on input line 6.
LaTeX Font Info:    ... okay on input line 6.
LaTeX Font Info:    Checking defaults for OMX/cmex/m/n on input line 6.
LaTeX Font Info:    ... okay on input line 6.
LaTeX Font Info:    Checking defaults for U/cmr/m/n on input line 6.
LaTeX Font Info:    ... okay on input line 6.

(/usr/local/texlive/2007/texmf-dist/tex/context/base/supp-pdf.tex
[Loading MPS to PDF converter (version 2006.09.02).]
\scratchcounter=\count91
\scratchdimen=\dimen109
\scratchbox=\box26
\nofMPsegments=\count92
\nofMParguments=\count93
\MPscratchCnt=\count94
\MPscratchDim=\dimen110
\MPnumerator=\count95
\everyMPtoPDFconversion=\toks15
)
LaTeX Font Info:    External font `cmex10' loaded for size
(Font)              <14.4> on input line 12.
LaTeX Font Info:    External font `cmex10' loaded for size
(Font)              <7> on input line 12.
LaTeX Font Info:    Try loading font information for U+lasy on input line 12.
 (/usr/local/texlive/2007/texmf-dist/tex/latex/base/ulasy.fd
File: ulasy.fd 1998/08/17 v2.2e LaTeX symbol font definitions
)
LaTeX Font Info:    Try loading font information for U+msa on input line 12.

(/usr/local/texlive/2007/texmf-dist/tex/latex/amsfonts/umsa.fd
File: umsa.fd 2002/01/19 v2.2g AMS font definitions
)
LaTeX Font Info:    Try loading font information for U+msb on input line 12.

(/usr/local/texlive/2007/texmf-dist/tex/latex/amsfonts/umsb.fd
File: umsb.fd 2002/01/19 v2.2g AMS font definitions
) [0

{/usr/local/texlive/2007/texmf-var/fonts/map/pdftex/updmap/pdftex.map}] (./kern
el.toc)
\tf@toc=\write3
\openout3 = `kernel.toc'.


[1

] [1

] [2

]
LaTeX Font Info:    External font `cmex10' loaded for size
(Font)              <12> on input line 76.
LaTeX Font Info:    External font `cmex10' loaded for size
(Font)              <8> on input line 76.
LaTeX Font Info:    External font `cmex10' loaded for size
(Font)              <6> on input line 76.
 [3

]
Overfull \hbox (14.11761pt too wide) in paragraph at lines 129--133
[]\OT1/cmr/m/n/12 An arte-fact which is in the $\OT1/cmr/m/it/12 RESOLVED$\OT1/
cmr/m/n/12 , $\OT1/cmr/m/it/12 STARTING$\OT1/cmr/m/n/12 , $\OT1/cmr/m/it/12 ACT
IVE$\OT1/cmr/m/n/12 , or $\OT1/cmr/m/it/12 STOPPING$
 []

[4] <kernel-rams.pdf, id=28, 368.37625pt x 197.73875pt>
File: kernel-rams.pdf Graphic file (type pdf)
 <use kernel-rams.pdf>

LaTeX Warning: `!h' float specifier changed to `!ht'.

[5] [6 <./kernel-rams.pdf>] [7

]
Overfull \hbox (4.72147pt too wide) in alignment at lines 237--243
[] 
 []

[8] [9] [10] <kernel-repos.pdf, id=65, 558.085pt x 90.3375pt>
File: kernel-repos.pdf Graphic file (type pdf)

<use kernel-repos.pdf>
Overfull \hbox (0.65685pt too wide) in paragraph at lines 361--362
[][] 
 []

[11

 <./kernel-repos.pdf>]
LaTeX Font Info:    External font `cmex10' loaded for size
(Font)              <5> on input line 394.
 [12] [13] [14] [15

] [16] (./kernel.aux) ) 
Here is how much of TeX's memory you used:
 1342 strings out of 94073
 15514 string characters out of 1162984
 62924 words of memory out of 1500000
 4639 multiletter control sequences out of 10000+50000
 15407 words of font info for 61 fonts, out of 1200000 for 2000
 645 hyphenation exceptions out of 8191
 25i,11n,27p,298b,201s stack positions out of 5000i,500n,6000p,200000b,5000s
</usr/local/texlive/2007/texmf-dist/fonts/type1/bluesky/
cm/cmbx12.pfb></usr/local/texlive/2007/texmf-dist/fonts/type1/bluesky/cm/cmex10
.pfb></usr/local/texlive/2007/texmf-dist/fonts/type1/bluesky/cm/cmmi12.pfb></us
r/local/texlive/2007/texmf-dist/fonts/type1/bluesky/cm/cmr10.pfb></usr/local/te
xlive/2007/texmf-dist/fonts/type1/bluesky/cm/cmr12.pfb></usr/local/texlive/2007
/texmf-dist/fonts/type1/bluesky/cm/cmr17.pfb></usr/local/texlive/2007/texmf-dis
t/fonts/type1/bluesky/cm/cmr7.pfb></usr/local/texlive/2007/texmf-dist/fonts/typ
e1/bluesky/cm/cmr8.pfb></usr/local/texlive/2007/texmf-dist/fonts/type1/bluesky/
cm/cmsy10.pfb></usr/local/texlive/2007/texmf-dist/fonts/type1/bluesky/cm/cmsy8.
pfb></usr/local/texlive/2007/texmf-dist/fonts/type1/bluesky/cm/cmti12.pfb></usr
/local/texlive/2007/texmf-dist/fonts/type1/bluesky/cm/cmtt12.pfb></usr/local/te
xlive/2007/texmf-dist/fonts/type1/bluesky/ams/msam10.pfb></usr/local/texlive/20
07/texmf-dist/fonts/type1/bluesky/ams/msbm10.pfb>
Output written on kernel.pdf (18 pages, 133534 bytes).
PDF statistics:
 148 PDF objects out of 1000 (max. 8388607)
 0 named destinations out of 1000 (max. 131072)
 23 words of extra memory for PDF output out of 10000 (max. 10000000)

